生成启动时间为 2015/5/17 18:10:29。
     1>项目“F:\c程序\查找\查找\查找.vcxproj”在节点 2 上(Build 个目标)。
     1>ClCompile:
         F:\vs2013\VC\bin\CL.exe /c /ZI /nologo /W3 /WX- /sdl /Od /Oy- /D WIN32 /D _DEBUG /D _CONSOLE /D _LIB /D _UNICODE /D UNICODE /Gm /EHsc /RTC1 /MDd /GS /fp:precise /Zc:wchar_t /Zc:forScope /Fo"Debug\\" /Fd"Debug\vc120.pdb" /Gd /TP /analyze- /errorReport:prompt my_find.cpp
         my_find.cpp
     1>f:\c程序\查找\查找\my_find.cpp(12): error C2065: “ERROR”: 未声明的标识符
     1>f:\c程序\查找\查找\my_find.cpp(22): error C2065: “ERROR”: 未声明的标识符
     1>已完成生成项目“F:\c程序\查找\查找\查找.vcxproj”(Build 个目标)的操作 - 失败。

生成失败。

已用时间 00:00:00.12
